
Scenario: Data Tables Test                [90m# src/test/resources/features/dataTables.feature:3[0m
Before the scenario: Setting up the environment...
Scenario id: 4f01dcf9-1b11-4104-9cfd-7819d915b5ab
Scenario name: Data Tables Test
Apr 18, 2024 9:15:40 AM org.openqa.selenium.devtools.CdpVersionFinder findNearestMatch
WARNING: Unable to find an exact match for CDP version 124, returning the closest version; found: 122; Please update to a Selenium version that supports CDP version 124
[amazon, google, ebay]
amazon
google
ebay
  [32mWhen [0m[32mI search for String on google[0m      [90m# stepdefinitions.DataTablesStepDef.i_search_for_string_on_google(java.util.List<java.util.List<java.lang.String>>)[0m
    | amazon | google | ebay |
  [32mThen [0m[32mI should see String on the results[0m [90m# stepdefinitions.DataTablesStepDef.i_should_see_string_on_the_results(io.cucumber.datatable.DataTable)[0m
    | amazon |
  [32mThen [0m[32mI close the browser[0m                [90m# stepdefinitions.CommonStepDef.i_close_the_browser()[0m
  [31mThen [0m[31mI fail the test[0m                    [90m# stepdefinitions.CommonStepDef.iFailTheTest()[0m
      [31mjava.lang.AssertionError
	at org.junit.Assert.fail(Assert.java:87)
	at org.junit.Assert.fail(Assert.java:96)
	at stepdefinitions.CommonStepDef.iFailTheTest(CommonStepDef.java:55)
	at âœ½.I fail the test(file:///Users/suleymankirkil/IdeaProjects/SDA-2024-Onsite-Cucumber/src/test/resources/features/dataTables.feature:9)
[0m
After the scenario, cleaning up the test environment
Scenario status: FAILED
Scenario isFailed?: true
Apr 18, 2024 9:15:41 AM org.openqa.selenium.devtools.CdpVersionFinder findNearestMatch
WARNING: Unable to find an exact match for CDP version 124, returning the closest version; found: 122; Please update to a Selenium version that supports CDP version 124

    Embedding FailedScreenshot [image/png 18874 bytes]

